2023-05-28 23:03:50 GET /api/v1 - 404 -  - 621.5µs
2023-05-28 23:03:50 GET /api/v1 - 404 -  -      0s
2023-05-28 23:03:50 GET /api/v1 - 404 -  -      0s
2023-05-28 23:03:50 GET /api/v1 - 404 -  -      0s
2023-05-28 23:04:02 GET / - 200 -  -      0s
2023-05-28 23:04:11 GET / - 200 -  -      0s
2023-05-28 23:04:11 GET / - 200 -  -      0s
2023-05-28 23:04:11 GET / - 200 -  -      0s
2023-05-28 23:04:12 GET / - 200 -  -      0s
2023-05-28 23:04:12 GET / - 200 -  -      0s
2023-05-28 23:10:50 GET / - 200 -  -      0s
2023-05-28 23:10:50 GET / - 200 -  -      0s
2023-05-28 23:10:50 GET / - 200 -  -      0s
2023-05-28 23:10:52 GET / - 200 -  -      0s
2023-05-28 23:10:52 GET / - 200 -  -      0s
2023-05-28 23:11:02 GET / - 200 -  -      0s
2023-05-28 23:11:02 GET / - 200 -  -      0s
2023-05-28 23:11:03 GET / - 200 -  -      0s
2023-05-28 23:11:03 GET / - 200 -  -      0s
2023-05-28 23:11:58 GET / - 200 -  - 307.6µs
2023-05-28 23:11:58 GET / - 200 -  -      0s
2023-05-28 23:11:58 GET / - 200 -  -      0s
2023-05-28 23:11:58 GET / - 200 -  -      0s
2023-05-28 23:11:58 GET / - 200 -  -      0s
2023-05-28 23:14:41 GET / - 200 -  -      0s
2023-05-28 23:14:41 GET / - 200 -  -      0s
2023-05-28 23:14:41 GET / - 200 -  -      0s
2023-05-28 23:14:42 GET / - 200 -  -      0s
2023-05-28 23:14:42 GET / - 200 -  -      0s
2023-05-28 23:26:06 GET / - 200 -  -   633µs
2023-05-28 23:26:07 GET / - 200 -  -      0s
2023-05-28 23:26:07 GET / - 200 -  -      0s
2023-05-28 23:26:07 GET / - 200 -  -      0s
